<?xml version="1.0" encoding="UTF-8"?>
<!-- Generated by org.testng.reporters.JUnitReportReporter -->
<testsuite skipped="0" hostname="Musas-MacBook-Pro.local" name="org.testng.dataprovider.DataProviderDemo" tests="4" failures="0" timestamp="30 Aug 2017 20:09:34 GMT" time="0.011" errors="0">
  <testcase name="dataProviderTest" time="0.008" classname="org.testng.dataprovider.DataProviderDemo"/>
  <testcase name="dataProviderTest" time="0.001" classname="org.testng.dataprovider.DataProviderDemo"/>
  <testcase name="dataProviderTest" time="0.001" classname="org.testng.dataprovider.DataProviderDemo"/>
  <testcase name="dataProviderTest" time="0.001" classname="org.testng.dataprovider.DataProviderDemo"/>
</testsuite> <!-- org.testng.dataprovider.DataProviderDemo -->
