<?xml version="1.0" encoding="UTF-8"?>
<!-- Generated by org.testng.reporters.JUnitReportReporter -->
<testsuite skipped="0" hostname="Musas-MacBook-Pro.local" name="atHome.dataProvider" tests="3" failures="0" timestamp="23 Aug 2017 20:39:23 GMT" time="0.012" errors="0">
  <testcase name="testMethod" time="0.009" classname="atHome.dataProvider"/>
  <testcase name="testMethod" time="0.002" classname="atHome.dataProvider"/>
  <testcase name="testMethod" time="0.001" classname="atHome.dataProvider"/>
</testsuite> <!-- atHome.dataProvider -->
