<?xml version="1.0" encoding="UTF-8"?>
<!-- Generated by org.testng.reporters.JUnitReportReporter -->
<testsuite skipped="0" hostname="Musas-MacBook-Pro.local" name="org.testng.dataprovider.ThedemositeDDT" tests="4" failures="0" timestamp="30 Aug 2017 20:16:30 GMT" time="2.093" errors="0">
  <testcase name="demoSiteCoUkDDT" time="0.626" classname="org.testng.dataprovider.ThedemositeDDT"/>
  <testcase name="demoSiteCoUkDDT" time="0.481" classname="org.testng.dataprovider.ThedemositeDDT"/>
  <testcase name="demoSiteCoUkDDT" time="0.547" classname="org.testng.dataprovider.ThedemositeDDT"/>
  <testcase name="demoSiteCoUkDDT" time="0.439" classname="org.testng.dataprovider.ThedemositeDDT"/>
</testsuite> <!-- org.testng.dataprovider.ThedemositeDDT -->
