<?xml version="1.0" encoding="UTF-8"?>
<!-- Generated by org.testng.reporters.JUnitReportReporter -->
<testsuite skipped="0" hostname="Musas-MacBook-Pro.local" name="atHome.ThedemositeDDT" tests="3" failures="0" timestamp="24 Aug 2017 21:59:39 GMT" time="1.766" errors="0">
  <testcase name="demoSiteCoUkDDT" time="0.674" classname="atHome.ThedemositeDDT"/>
  <testcase name="demoSiteCoUkDDT" time="0.613" classname="atHome.ThedemositeDDT"/>
  <testcase name="demoSiteCoUkDDT" time="0.479" classname="atHome.ThedemositeDDT"/>
</testsuite> <!-- atHome.ThedemositeDDT -->
