<?xml version="1.0" encoding="UTF-8"?>
<!-- Generated by org.testng.reporters.JUnitReportReporter -->
<testsuite skipped="0" hostname="Musas-MacBook-Pro.local" name="org.testng.arrays.MultiDimentionalArray" tests="2" failures="0" timestamp="24 Aug 2017 20:36:30 GMT" time="0.012" errors="0">
  <testcase name="AnimalsArray" time="0.010" classname="org.testng.arrays.MultiDimentionalArray"/>
  <testcase name="objectArray" time="0.002" classname="org.testng.arrays.MultiDimentionalArray"/>
</testsuite> <!-- org.testng.arrays.MultiDimentionalArray -->
